<?xml version="1.0" encoding="UTF-8"?>
<robot generator="Robot 3.2.2 (Python 3.9.2 on win32)" generated="20210305 16:32:51.623" rpa="false">
<suite id="s1" name="Amazon" source="C:\development\robot-scripts\amazon\tests\amazon.robot">
<test id="s1-t1" name="User must sign in to checkout">
<kw name="Open Browser" library="SeleniumLibrary">
<doc>Opens a new browser instance to the optional ``url``.</doc>
<arguments>
<arg>http://www.amazon.com</arg>
<arg>ie</arg>
</arguments>
<msg timestamp="20210305 16:32:51.905" level="INFO">Opening browser 'ie' to base url 'http://www.amazon.com'.</msg>
<kw name="Capture Page Screenshot" library="SeleniumLibrary">
<doc>Takes a screenshot of the current page and embeds it into a log file.</doc>
<msg timestamp="20210305 16:32:52.967" level="INFO">Cannot capture screenshot because no browser is open.</msg>
<status status="PASS" starttime="20210305 16:32:52.967" endtime="20210305 16:32:52.967"></status>
</kw>
<msg timestamp="20210305 16:32:52.967" level="FAIL">SessionNotCreatedException: Message: Unexpected error launching Internet Explorer. Protected Mode settings are not the same for all zones. Enable Protected Mode must be set to the same value (enabled or disabled) for all zones.
</msg>
<status status="FAIL" starttime="20210305 16:32:51.905" endtime="20210305 16:32:52.967"></status>
</kw>
<doc>This is some basic info about the test</doc>
<tags>
<tag>Smoke</tag>
</tags>
<status status="FAIL" starttime="20210305 16:32:51.905" endtime="20210305 16:32:52.967" critical="yes">SessionNotCreatedException: Message: Unexpected error launching Internet Explorer. Protected Mode settings are not the same for all zones. Enable Protected Mode must be set to the same value (enabled or disabled) for all zones.
</status>
</test>
<doc>This is some basic info about the whole suite</doc>
<status status="FAIL" starttime="20210305 16:32:51.623" endtime="20210305 16:32:52.967"></status>
</suite>
<statistics>
<total>
<stat pass="0" fail="1">Critical Tests</stat>
<stat pass="0" fail="1">All Tests</stat>
</total>
<tag>
<stat pass="0" fail="1">Smoke</stat>
</tag>
<suite>
<stat pass="0" fail="1" id="s1" name="Amazon">Amazon</stat>
</suite>
</statistics>
<errors>
</errors>
</robot>
