<?xml version="1.0" encoding="UTF-8"?>
<robot generator="Robot 3.2.2 (Python 3.9.2 on win32)" generated="20210307 22:26:10.868" rpa="false">
<suite id="s1" name="Amazon" source="C:\development\robot-scripts\AmazonShopping\Tests\Amazon.robot">
<kw name="Insert Testing Data" library="Common" type="setup">
<kw name="Log" library="BuiltIn">
<doc>Logs the given message with the given level.</doc>
<arguments>
<arg>setting up test data</arg>
</arguments>
<msg timestamp="20210307 22:26:11.056" level="INFO">setting up test data</msg>
<status status="PASS" starttime="20210307 22:26:11.056" endtime="20210307 22:26:11.056"></status>
</kw>
<status status="PASS" starttime="20210307 22:26:11.056" endtime="20210307 22:26:11.056"></status>
</kw>
<test id="s1-t1" name="User can search for products">
<kw name="Begin Web Test" library="Common" type="setup">
<kw name="Open Browser" library="SeleniumLibrary">
<doc>Opens a new browser instance to the optional ``url``.</doc>
<arguments>
<arg>about:blank</arg>
<arg>${BROWSER}</arg>
</arguments>
<msg timestamp="20210307 22:26:11.056" level="INFO">Opening browser 'chrome' to base url 'about:blank'.</msg>
<status status="PASS" starttime="20210307 22:26:11.056" endtime="20210307 22:26:12.505"></status>
</kw>
<status status="PASS" starttime="20210307 22:26:11.056" endtime="20210307 22:26:12.505"></status>
</kw>
<kw name="Search for Products" library="Amazon">
<kw name="Load" library="LandingPage">
<kw name="Go To" library="SeleniumLibrary">
<doc>Navigates the current browser window to the provided ``url``.</doc>
<arguments>
<arg>${START_URL}</arg>
</arguments>
<msg timestamp="20210307 22:26:12.509" level="INFO">Opening url 'https://amazon.com'</msg>
<status status="PASS" starttime="20210307 22:26:12.509" endtime="20210307 22:26:15.364"></status>
</kw>
<status status="PASS" starttime="20210307 22:26:12.509" endtime="20210307 22:26:15.364"></status>
</kw>
<kw name="Verify Page Load" library="LandingPage">
<kw name="Wait Until Page Contains" library="SeleniumLibrary">
<doc>Waits until ``text`` appears on the current page.</doc>
<arguments>
<arg>Hello, Sign in</arg>
</arguments>
<status status="PASS" starttime="20210307 22:26:15.365" endtime="20210307 22:26:15.515"></status>
</kw>
<status status="PASS" starttime="20210307 22:26:15.364" endtime="20210307 22:26:15.515"></status>
</kw>
<kw name="Wait Until Page Contains" library="SeleniumLibrary">
<doc>Waits until ``text`` appears on the current page.</doc>
<arguments>
<arg>Hello, Sign in</arg>
</arguments>
<status status="PASS" starttime="20210307 22:26:15.515" endtime="20210307 22:26:15.582"></status>
</kw>
<kw name="Input Text" library="SeleniumLibrary">
<doc>Types the given ``text`` into the text field identified by ``locator``.</doc>
<arguments>
<arg>id=twotabsearchtextbox</arg>
<arg>Thrustmaster Ferrari 458</arg>
</arguments>
<msg timestamp="20210307 22:26:15.582" level="INFO">Typing text 'Thrustmaster Ferrari 458' into text field 'id=twotabsearchtextbox'.</msg>
<status status="PASS" starttime="20210307 22:26:15.582" endtime="20210307 22:26:15.790"></status>
</kw>
<kw name="Click Button" library="SeleniumLibrary">
<doc>Clicks the button identified by ``locator``.</doc>
<arguments>
<arg>css=#nav-search-submit-button</arg>
</arguments>
<msg timestamp="20210307 22:26:15.790" level="INFO">Clicking button 'css=#nav-search-submit-button'.</msg>
<status status="PASS" starttime="20210307 22:26:15.790" endtime="20210307 22:26:18.545"></status>
</kw>
<kw name="Wait Until Page Contains" library="SeleniumLibrary">
<doc>Waits until ``text`` appears on the current page.</doc>
<arguments>
<arg>results for "Thrustmaster Ferrari 458"</arg>
</arguments>
<status status="PASS" starttime="20210307 22:26:18.545" endtime="20210307 22:26:18.596"></status>
</kw>
<status status="PASS" starttime="20210307 22:26:12.508" endtime="20210307 22:26:18.596"></status>
</kw>
<kw name="End Web Test" library="Common" type="teardown">
<kw name="Close Browser" library="SeleniumLibrary">
<doc>Closes the current browser.</doc>
<status status="PASS" starttime="20210307 22:26:18.597" endtime="20210307 22:26:20.956"></status>
</kw>
<status status="PASS" starttime="20210307 22:26:18.597" endtime="20210307 22:26:20.956"></status>
</kw>
<doc>This is some basic info about the test</doc>
<tags>
<tag>Smoke</tag>
</tags>
<status status="PASS" starttime="20210307 22:26:11.056" endtime="20210307 22:26:20.956" critical="yes"></status>
</test>
<test id="s1-t2" name="Use must sign in to check out">
<kw name="Begin Web Test" library="Common" type="setup">
<kw name="Open Browser" library="SeleniumLibrary">
<doc>Opens a new browser instance to the optional ``url``.</doc>
<arguments>
<arg>about:blank</arg>
<arg>${BROWSER}</arg>
</arguments>
<msg timestamp="20210307 22:26:20.956" level="INFO">Opening browser 'chrome' to base url 'about:blank'.</msg>
<status status="PASS" starttime="20210307 22:26:20.956" endtime="20210307 22:26:22.367"></status>
</kw>
<status status="PASS" starttime="20210307 22:26:20.956" endtime="20210307 22:26:22.367"></status>
</kw>
<kw name="Search for Products" library="Amazon">
<kw name="Load" library="LandingPage">
<kw name="Go To" library="SeleniumLibrary">
<doc>Navigates the current browser window to the provided ``url``.</doc>
<arguments>
<arg>${START_URL}</arg>
</arguments>
<msg timestamp="20210307 22:26:22.369" level="INFO">Opening url 'https://amazon.com'</msg>
<status status="PASS" starttime="20210307 22:26:22.369" endtime="20210307 22:26:25.468"></status>
</kw>
<status status="PASS" starttime="20210307 22:26:22.369" endtime="20210307 22:26:25.469"></status>
</kw>
<kw name="Verify Page Load" library="LandingPage">
<kw name="Wait Until Page Contains" library="SeleniumLibrary">
<doc>Waits until ``text`` appears on the current page.</doc>
<arguments>
<arg>Hello, Sign in</arg>
</arguments>
<status status="PASS" starttime="20210307 22:26:25.469" endtime="20210307 22:26:25.592"></status>
</kw>
<status status="PASS" starttime="20210307 22:26:25.469" endtime="20210307 22:26:25.592"></status>
</kw>
<kw name="Wait Until Page Contains" library="SeleniumLibrary">
<doc>Waits until ``text`` appears on the current page.</doc>
<arguments>
<arg>Hello, Sign in</arg>
</arguments>
<status status="PASS" starttime="20210307 22:26:25.592" endtime="20210307 22:26:25.642"></status>
</kw>
<kw name="Input Text" library="SeleniumLibrary">
<doc>Types the given ``text`` into the text field identified by ``locator``.</doc>
<arguments>
<arg>id=twotabsearchtextbox</arg>
<arg>Thrustmaster Ferrari 458</arg>
</arguments>
<msg timestamp="20210307 22:26:25.642" level="INFO">Typing text 'Thrustmaster Ferrari 458' into text field 'id=twotabsearchtextbox'.</msg>
<status status="PASS" starttime="20210307 22:26:25.642" endtime="20210307 22:26:25.857"></status>
</kw>
<kw name="Click Button" library="SeleniumLibrary">
<doc>Clicks the button identified by ``locator``.</doc>
<arguments>
<arg>css=#nav-search-submit-button</arg>
</arguments>
<msg timestamp="20210307 22:26:25.857" level="INFO">Clicking button 'css=#nav-search-submit-button'.</msg>
<status status="PASS" starttime="20210307 22:26:25.857" endtime="20210307 22:26:28.763"></status>
</kw>
<kw name="Wait Until Page Contains" library="SeleniumLibrary">
<doc>Waits until ``text`` appears on the current page.</doc>
<arguments>
<arg>results for "Thrustmaster Ferrari 458"</arg>
</arguments>
<status status="PASS" starttime="20210307 22:26:28.763" endtime="20210307 22:26:28.834"></status>
</kw>
<status status="PASS" starttime="20210307 22:26:22.369" endtime="20210307 22:26:28.834"></status>
</kw>
<kw name="Select Product from Search Results" library="Amazon">
<kw name="Click Link" library="SeleniumLibrary">
<doc>Clicks a link identified by ``locator``.</doc>
<arguments>
<arg>xpath=//*[@id="search"]/div[1]/div[2]/div/span[3]/div[2]/div[2]/div/span/div/div/div[2]/div[2]/div/div[1]/div/div/div[1]/h2/a</arg>
</arguments>
<msg timestamp="20210307 22:26:28.835" level="INFO">Clicking link 'xpath=//*[@id="search"]/div[1]/div[2]/div/span[3]/div[2]/div[2]/div/span/div/div/div[2]/div[2]/div/div[1]/div/div/div[1]/h2/a'.</msg>
<status status="PASS" starttime="20210307 22:26:28.835" endtime="20210307 22:26:32.464"></status>
</kw>
<kw name="Wait Until Page Contains" library="SeleniumLibrary">
<doc>Waits until ``text`` appears on the current page.</doc>
<arguments>
<arg>Back to results</arg>
</arguments>
<status status="PASS" starttime="20210307 22:26:32.464" endtime="20210307 22:26:32.526"></status>
</kw>
<status status="PASS" starttime="20210307 22:26:28.835" endtime="20210307 22:26:32.526"></status>
</kw>
<kw name="Add Product to Cart" library="Amazon">
<kw name="Click Button" library="SeleniumLibrary">
<doc>Clicks the button identified by ``locator``.</doc>
<arguments>
<arg>id=add-to-cart-button</arg>
</arguments>
<msg timestamp="20210307 22:26:32.527" level="INFO">Clicking button 'id=add-to-cart-button'.</msg>
<status status="PASS" starttime="20210307 22:26:32.526" endtime="20210307 22:26:33.861"></status>
</kw>
<kw name="Wait Until Page Contains" library="SeleniumLibrary">
<doc>Waits until ``text`` appears on the current page.</doc>
<arguments>
<arg>Cart subtotal (1 item)</arg>
</arguments>
<status status="PASS" starttime="20210307 22:26:33.861" endtime="20210307 22:26:33.926"></status>
</kw>
<status status="PASS" starttime="20210307 22:26:32.526" endtime="20210307 22:26:33.926"></status>
</kw>
<kw name="Begin Checkout" library="Amazon">
<kw name="Click Link" library="SeleniumLibrary">
<doc>Clicks a link identified by ``locator``.</doc>
<arguments>
<arg>Proceed to checkout (1 item)</arg>
</arguments>
<msg timestamp="20210307 22:26:33.927" level="INFO">Clicking link 'Proceed to checkout (1 item)'.</msg>
<status status="PASS" starttime="20210307 22:26:33.927" endtime="20210307 22:26:34.850"></status>
</kw>
<kw name="Page Should Contain Element" library="SeleniumLibrary">
<doc>Verifies that element ``locator`` is found on the current page.</doc>
<arguments>
<arg>class:a-spacing-small</arg>
</arguments>
<msg timestamp="20210307 22:26:34.863" level="INFO">Current page contains element 'class:a-spacing-small'.</msg>
<status status="PASS" starttime="20210307 22:26:34.850" endtime="20210307 22:26:34.863"></status>
</kw>
<kw name="Element Text Should Be" library="SeleniumLibrary">
<doc>Verifies that element ``locator`` contains exact the text ``expected``.</doc>
<arguments>
<arg>class:a-spacing-small</arg>
<arg>Sign-In</arg>
</arguments>
<msg timestamp="20210307 22:26:34.863" level="INFO">Verifying element 'class:a-spacing-small' contains exact text 'Sign-In'.</msg>
<status status="PASS" starttime="20210307 22:26:34.863" endtime="20210307 22:26:34.880"></status>
</kw>
<status status="PASS" starttime="20210307 22:26:33.927" endtime="20210307 22:26:34.880"></status>
</kw>
<kw name="End Web Test" library="Common" type="teardown">
<kw name="Close Browser" library="SeleniumLibrary">
<doc>Closes the current browser.</doc>
<status status="PASS" starttime="20210307 22:26:34.880" endtime="20210307 22:26:38.195"></status>
</kw>
<status status="PASS" starttime="20210307 22:26:34.880" endtime="20210307 22:26:38.195"></status>
</kw>
<doc>This is some basic info about the test</doc>
<tags>
<tag>Smoke</tag>
</tags>
<status status="PASS" starttime="20210307 22:26:20.956" endtime="20210307 22:26:38.195" critical="yes"></status>
</test>
<kw name="Cleanup Testing Data" library="Common" type="teardown">
<kw name="Log" library="BuiltIn">
<doc>Logs the given message with the given level.</doc>
<arguments>
<arg>cleaning up test data</arg>
</arguments>
<msg timestamp="20210307 22:26:38.195" level="INFO">cleaning up test data</msg>
<status status="PASS" starttime="20210307 22:26:38.195" endtime="20210307 22:26:38.195"></status>
</kw>
<status status="PASS" starttime="20210307 22:26:38.195" endtime="20210307 22:26:38.195"></status>
</kw>
<doc>This is some basic info about the whole suite</doc>
<status status="PASS" starttime="20210307 22:26:10.868" endtime="20210307 22:26:38.195"></status>
</suite>
<statistics>
<total>
<stat pass="2" fail="0">Critical Tests</stat>
<stat pass="2" fail="0">All Tests</stat>
</total>
<tag>
<stat pass="2" fail="0">Smoke</stat>
</tag>
<suite>
<stat pass="2" fail="0" id="s1" name="Amazon">Amazon</stat>
</suite>
</statistics>
<errors>
</errors>
</robot>
