<?xml version="1.0" encoding="UTF-8"?>
<robot generator="Robot 3.2.2 (Python 3.9.2 on win32)" generated="20210305 20:03:09.728" rpa="false">
<suite id="s1" name="Locators" source="C:\development\robot-scripts\Locators\tests\locators.robot">
<test id="s1-t1" name="Should be able to search for product">
<kw name="Open Browser" library="SeleniumLibrary">
<doc>Opens a new browser instance to the optional ``url``.</doc>
<arguments>
<arg>http://www.amazon.com</arg>
<arg>ie</arg>
</arguments>
<msg timestamp="20210305 20:03:09.901" level="INFO">Opening browser 'ie' to base url 'http://www.amazon.com'.</msg>
<status status="PASS" starttime="20210305 20:03:09.901" endtime="20210305 20:03:14.731"></status>
</kw>
<kw name="Click Image" library="SeleniumLibrary">
<doc>Clicks an image identified by ``locator``.</doc>
<arguments>
<arg>Comfy shoes</arg>
</arguments>
<msg timestamp="20210305 20:03:14.731" level="INFO">Clicking image 'Comfy shoes'.</msg>
<status status="PASS" starttime="20210305 20:03:14.731" endtime="20210305 20:03:21.459"></status>
</kw>
<status status="PASS" starttime="20210305 20:03:09.901" endtime="20210305 20:03:21.459" critical="yes"></status>
</test>
<status status="PASS" starttime="20210305 20:03:09.728" endtime="20210305 20:03:21.459"></status>
</suite>
<statistics>
<total>
<stat pass="1" fail="0">Critical Tests</stat>
<stat pass="1" fail="0">All Tests</stat>
</total>
<tag>
</tag>
<suite>
<stat pass="1" fail="0" id="s1" name="Locators">Locators</stat>
</suite>
</statistics>
<errors>
</errors>
</robot>
